2018-11-19 11:40:43 -Starting BootdoApplication on LAPTOP-GR8988IA with PID 9488 (started by My-Aa in E:\IDEA  DW\bootdo\bootdo)
2018-11-19 11:40:43 -Running with Spring Boot v2.0.3.RELEASE, Spring v5.0.7.RELEASE
2018-11-19 11:40:43 -The following profiles are active: dev
2018-11-19 11:40:43 -Refreshing org.springframework.boot.web.servlet.context.AnnotationConfigServletWebServerApplicationContext@5a56cdac: startup date [Mon Nov 19 11:40:43 CST 2018]; root of context hierarchy
2018-11-19 11:40:45 -Multiple Spring Data modules found, entering strict repository configuration mode!
2018-11-19 11:40:46 -Bean 'org.springframework.transaction.annotation.ProxyTransactionManagementConfiguration' of type [org.springframework.transaction.annotation.ProxyTransactionManagementConfiguration$$EnhancerBySpringCGLIB$$2bf53fee] is not eligible for getting processed by all BeanPostProcessors (for example: not eligible for auto-proxying)
2018-11-19 11:40:46 -Bean 'shiroConfig' of type [com.bootdo.system.config.ShiroConfig$$EnhancerBySpringCGLIB$$1e4e6e95] is not eligible for getting processed by all BeanPostProcessors (for example: not eligible for auto-proxying)
2018-11-19 11:40:46 -Bean 'userRealm' of type [com.bootdo.system.shiro.UserRealm] is not eligible for getting processed by all BeanPostProcessors (for example: not eligible for auto-proxying)
2018-11-19 11:40:46 -Bean 'cacheManager2' of type [net.sf.ehcache.CacheManager] is not eligible for getting processed by all BeanPostProcessors (for example: not eligible for auto-proxying)
2018-11-19 11:40:46 -Bean 'ehCacheManager' of type [org.apache.shiro.cache.ehcache.EhCacheManager] is not eligible for getting processed by all BeanPostProcessors (for example: not eligible for auto-proxying)
2018-11-19 11:40:46 -Cache with name 'com.bootdo.system.shiro.UserRealm.authorizationCache' does not yet exist.  Creating now.
2018-11-19 11:40:46 -Added EhCache named [com.bootdo.system.shiro.UserRealm.authorizationCache]
2018-11-19 11:40:46 -Bean 'sessionDAO' of type [org.apache.shiro.session.mgt.eis.MemorySessionDAO] is not eligible for getting processed by all BeanPostProcessors (for example: not eligible for auto-proxying)
2018-11-19 11:40:46 -Bean 'sessionManager' of type [org.apache.shiro.web.session.mgt.DefaultWebSessionManager] is not eligible for getting processed by all BeanPostProcessors (for example: not eligible for auto-proxying)
2018-11-19 11:40:47 -Bean 'securityManager' of type [org.apache.shiro.web.mgt.DefaultWebSecurityManager] is not eligible for getting processed by all BeanPostProcessors (for example: not eligible for auto-proxying)
2018-11-19 11:40:47 -Bean 'authorizationAttributeSourceAdvisor' of type [org.apache.shiro.spring.security.interceptor.AuthorizationAttributeSourceAdvisor] is not eligible for getting processed by all BeanPostProcessors (for example: not eligible for auto-proxying)
2018-11-19 11:40:47 -Tomcat initialized with port(s): 80 (http)
2018-11-19 11:40:47 -Initializing ProtocolHandler ["http-nio-80"]
2018-11-19 11:40:47 -Starting service [Tomcat]
2018-11-19 11:40:47 -Starting Servlet Engine: Apache Tomcat/8.5.31
2018-11-19 11:40:47 -The APR based Apache Tomcat Native library which allows optimal performance in production environments was not found on the java.library.path: [D:\JDK_8\bin;C:\WINDOWS\Sun\Java\bin;C:\WINDOWS\system32;C:\WINDOWS;C:\Program Files (x86)\Common Files\Oracle\Java\javapath;C:\Program Files (x86)\Intel\iCLS Client\;C:\Program Files\Intel\iCLS Client\;C:\Windows\system32;C:\Windows;C:\Windows\System32\Wbem;C:\Windows\System32\WindowsPowerShell\v1.0\;C:\Program Files (x86)\NVIDIA Corporation\PhysX\Common;C:\Program Files (x86)\Intel\Intel(R) Management Engine Components\DAL;C:\Program Files\Intel\Intel(R) Management Engine Components\DAL;C:\Program Files (x86)\Intel\Intel(R) Management Engine Components\IPT;C:\Program Files\Intel\Intel(R) Management Engine Components\IPT;C:\WINDOWS\system32;C:\WINDOWS;C:\WINDOWS\System32\Wbem;C:\WINDOWS\System32\WindowsPowerShell\v1.0\;D:\mysql-8.0.11-winx64\bin;C:\Program Files (x86)\MySQL\MySQL Server 5.5\bin;D:\MySQL\bin;C:\WINDOWS\System32\OpenSSH\;C:\Program Files (x86)\Common Files\Thunder Network\KanKan\Codecs;D:\GIT\Git\cmd;E:\MAVEN\MAVEN\bin;E:\MAVEN\MAVEN\bin;C:\Users\My-Aa\AppData\Local\Microsoft\WindowsApps;C:\Users\My-Aa\AppData\Local\GitHubDesktop\bin;C:\Users\My-Aa\AppData\Local\Microsoft\WindowsApps;E:\FIDDLER;;.]
2018-11-19 11:40:47 -Initializing Spring embedded WebApplicationContext
2018-11-19 11:40:47 -Root WebApplicationContext: initialization completed in 4087 ms
2018-11-19 11:40:47 -Mapping filter: 'characterEncodingFilter' to: [/*]
2018-11-19 11:40:47 -Mapping filter: 'hiddenHttpMethodFilter' to: [/*]
2018-11-19 11:40:47 -Mapping filter: 'httpPutFormContentFilter' to: [/*]
2018-11-19 11:40:47 -Mapping filter: 'requestContextFilter' to: [/*]
2018-11-19 11:40:47 -Filter xssFilter was not registered (disabled)
2018-11-19 11:40:47 -Mapping filter: 'webStatFilter' to urls: [/*]
2018-11-19 11:40:47 -Mapping filter: 'shiroFilterFactoryBean' to: [/*]
2018-11-19 11:40:47 -Servlet statViewServlet mapped to [/druid/*]
2018-11-19 11:40:47 -Servlet dispatcherServlet mapped to [/]
2018-11-19 11:40:48 -{dataSource-1} inited
2018-11-19 11:40:49 -ProcessEngine default created
2018-11-19 11:40:49 -ApplicationContext registed-->org.springframework.boot.web.servlet.context.AnnotationConfigServletWebServerApplicationContext@5a56cdac: startup date [Mon Nov 19 11:40:43 CST 2018]; root of context hierarchy
2018-11-19 11:40:50 -Using default implementation for ThreadExecutor
2018-11-19 11:40:50 -Initialized Scheduler Signaller of type: class org.quartz.core.SchedulerSignalerImpl
2018-11-19 11:40:50 -Quartz Scheduler v.2.2.1 created.
2018-11-19 11:40:50 -RAMJobStore initialized.
2018-11-19 11:40:50 -Scheduler meta-data: Quartz Scheduler (v2.2.1) 'schedulerFactoryBean' with instanceId 'NON_CLUSTERED'
  Scheduler class: 'org.quartz.core.QuartzScheduler' - running locally.
  NOT STARTED.
  Currently in standby mode.
  Number of jobs executed: 0
  Using thread pool 'org.quartz.simpl.SimpleThreadPool' - with 10 threads.
  Using job-store 'org.quartz.simpl.RAMJobStore' - which does not support persistence. and is not clustered.

2018-11-19 11:40:50 -Quartz scheduler 'schedulerFactoryBean' initialized from an externally provided properties instance.
2018-11-19 11:40:50 -Quartz scheduler version: 2.2.1
2018-11-19 11:40:50 -JobFactory set to: com.bootdo.common.quartz.factory.JobFactory@61d2f267
2018-11-19 11:40:50 -Initializing ExecutorService  'clientInboundChannelExecutor'
2018-11-19 11:40:50 -Initializing ExecutorService  'clientOutboundChannelExecutor'
2018-11-19 11:40:51 -Mapped "{[/activiti/model/{id}],methods=[DELETE]}" onto public com.bootdo.common.utils.R com.bootdo.activiti.controller.ModelController.remove(java.lang.String)
2018-11-19 11:40:51 -Mapped "{[/activiti/model/list],methods=[GET]}" onto com.bootdo.common.utils.PageUtils com.bootdo.activiti.controller.ModelController.list(int,int)
2018-11-19 11:40:51 -Mapped "{[/activiti/model/batchRemove],methods=[POST]}" onto public com.bootdo.common.utils.R com.bootdo.activiti.controller.ModelController.batchRemove(java.lang.String[])
2018-11-19 11:40:51 -Mapped "{[/activiti/model/edit/{id}],methods=[GET]}" onto public void com.bootdo.activiti.controller.ModelController.edit(javax.servlet.http.HttpServletResponse,java.lang.String)
2018-11-19 11:40:51 -Mapped "{[/activiti/model],methods=[GET]}" onto org.springframework.web.servlet.ModelAndView com.bootdo.activiti.controller.ModelController.model()
2018-11-19 11:40:51 -Mapped "{[/activiti/editor/stencilset],methods=[GET],produces=[application/json;charset=utf-8]}" onto public java.lang.String com.bootdo.activiti.controller.ModelController.getStencilset()
2018-11-19 11:40:51 -Mapped "{[/activiti/model/add]}" onto public void com.bootdo.activiti.controller.ModelController.newModel(javax.servlet.http.HttpServletResponse) throws java.io.UnsupportedEncodingException
2018-11-19 11:40:51 -Mapped "{[/activiti/model/{modelId}/json],methods=[GET]}" onto public com.fasterxml.jackson.databind.node.ObjectNode com.bootdo.activiti.controller.ModelController.getEditorJson(java.lang.String)
2018-11-19 11:40:51 -Mapped "{[/activiti/model/{modelId}/save],methods=[PUT]}" onto public void com.bootdo.activiti.controller.ModelController.saveModel(java.lang.String,java.lang.String,java.lang.String,java.lang.String,java.lang.String)
2018-11-19 11:40:51 -Mapped "{[/activiti/model/export/{id}],methods=[GET]}" onto public void com.bootdo.activiti.controller.ModelController.exportToXml(java.lang.String,javax.servlet.http.HttpServletResponse)
2018-11-19 11:40:51 -Mapped "{[/activiti/model/deploy/{id}],methods=[POST]}" onto public com.bootdo.common.utils.R com.bootdo.activiti.controller.ModelController.deploy(java.lang.String) throws java.lang.Exception
2018-11-19 11:40:51 -Mapped "{[/activiti/process/add],methods=[GET]}" onto public org.springframework.web.servlet.ModelAndView com.bootdo.activiti.controller.ProcessController.add()
2018-11-19 11:40:51 -Mapped "{[/activiti/process/remove],methods=[POST]}" onto public com.bootdo.common.utils.R com.bootdo.activiti.controller.ProcessController.remove(java.lang.String)
2018-11-19 11:40:51 -Mapped "{[/activiti/process/list],methods=[GET]}" onto com.bootdo.common.utils.PageUtils com.bootdo.activiti.controller.ProcessController.list(int,int)
2018-11-19 11:40:51 -Mapped "{[/activiti/process/batchRemove],methods=[POST]}" onto public com.bootdo.common.utils.R com.bootdo.activiti.controller.ProcessController.batchRemove(java.lang.String[])
2018-11-19 11:40:51 -Mapped "{[/activiti/process],methods=[GET]}" onto org.springframework.web.servlet.ModelAndView com.bootdo.activiti.controller.ProcessController.process()
2018-11-19 11:40:51 -Mapped "{[/activiti/process/resource/read/{xml}/{id}]}" onto public void com.bootdo.activiti.controller.ProcessController.resourceRead(java.lang.String,java.lang.String,javax.servlet.http.HttpServletResponse) throws java.lang.Exception
2018-11-19 11:40:51 -Mapped "{[/activiti/process/convertToModel/{procDefId}]}" onto public com.bootdo.common.utils.R com.bootdo.activiti.controller.ProcessController.convertToModel(java.lang.String,org.springframework.web.servlet.mvc.support.RedirectAttributes) throws java.io.UnsupportedEncodingException,javax.xml.stream.XMLStreamException
2018-11-19 11:40:51 -Mapped "{[/activiti/process/save],methods=[POST]}" onto public com.bootdo.common.utils.R com.bootdo.activiti.controller.ProcessController.deploy(java.lang.String,java.lang.String,org.springframework.web.multipart.MultipartFile)
2018-11-19 11:40:51 -Mapped "{[/act/salary/form],methods=[GET]}" onto java.lang.String com.bootdo.activiti.controller.SalaryController.add()
2018-11-19 11:40:51 -Mapped "{[/act/salary/remove],methods=[POST]}" onto public com.bootdo.common.utils.R com.bootdo.activiti.controller.SalaryController.remove(java.lang.String)
2018-11-19 11:40:51 -Mapped "{[/act/salary/batchRemove],methods=[POST]}" onto public com.bootdo.common.utils.R com.bootdo.activiti.controller.SalaryController.remove(java.lang.String[])
2018-11-19 11:40:51 -Mapped "{[/act/salary/update]}" onto public com.bootdo.common.utils.R com.bootdo.activiti.controller.SalaryController.update(com.bootdo.activiti.domain.SalaryDO)
2018-11-19 11:40:51 -Mapped "{[/act/salary/list],methods=[GET]}" onto public com.bootdo.common.utils.PageUtils com.bootdo.activiti.controller.SalaryController.list(java.util.Map<java.lang.String, java.lang.Object>)
2018-11-19 11:40:51 -Mapped "{[/act/salary/form/{taskId}],methods=[GET]}" onto java.lang.String com.bootdo.activiti.controller.SalaryController.edit(java.lang.String,org.springframework.ui.Model)
2018-11-19 11:40:51 -Mapped "{[/act/salary],methods=[GET]}" onto java.lang.String com.bootdo.activiti.controller.SalaryController.Salary()
2018-11-19 11:40:51 -Mapped "{[/act/salary/save],methods=[POST]}" onto public com.bootdo.common.utils.R com.bootdo.activiti.controller.SalaryController.saveOrUpdate(com.bootdo.activiti.domain.SalaryDO)
2018-11-19 11:40:51 -Mapped "{[/activiti/task/form/{procDefId}/{taskId}],methods=[GET]}" onto public void com.bootdo.activiti.controller.TaskController.form(java.lang.String,java.lang.String,javax.servlet.http.HttpServletResponse) throws java.io.IOException
2018-11-19 11:40:51 -Mapped "{[/activiti/task/gotoList],methods=[GET]}" onto com.bootdo.common.utils.PageUtils com.bootdo.activiti.controller.TaskController.list(int,int)
2018-11-19 11:40:51 -Mapped "{[/activiti/task/form/{procDefId}],methods=[GET]}" onto public void com.bootdo.activiti.controller.TaskController.startForm(java.lang.String,javax.servlet.http.HttpServletResponse) throws java.io.IOException
2018-11-19 11:40:51 -Mapped "{[/activiti/task/todoList],methods=[GET]}" onto java.util.List<com.bootdo.activiti.vo.TaskVO> com.bootdo.activiti.controller.TaskController.todoList()
2018-11-19 11:40:51 -Mapped "{[/activiti/task/goto],methods=[GET]}" onto public org.springframework.web.servlet.ModelAndView com.bootdo.activiti.controller.TaskController.gotoTask()
2018-11-19 11:40:51 -Mapped "{[/activiti/task/trace/photo/{procDefId}/{execId}]}" onto public void com.bootdo.activiti.controller.TaskController.tracePhoto(java.lang.String,java.lang.String,javax.servlet.http.HttpServletResponse) throws java.lang.Exception
2018-11-19 11:40:51 -Mapped "{[/activiti/task/todo],methods=[GET]}" onto org.springframework.web.servlet.ModelAndView com.bootdo.activiti.controller.TaskController.todo()
2018-11-19 11:40:51 -Mapped "{[/blog/open/post/{cid}],methods=[GET]}" onto java.lang.String com.bootdo.blog.controller.BlogController.post(java.lang.Long,org.springframework.ui.Model)
2018-11-19 11:40:51 -Mapped "{[/blog],methods=[GET]}" onto java.lang.String com.bootdo.blog.controller.BlogController.blog()
2018-11-19 11:40:51 -Mapped "{[/blog/open/page/{categories}],methods=[GET]}" onto java.lang.String com.bootdo.blog.controller.BlogController.about(java.lang.String,org.springframework.ui.Model)
2018-11-19 11:40:51 -Mapped "{[/blog/open/list],methods=[GET]}" onto public com.bootdo.common.utils.PageUtils com.bootdo.blog.controller.BlogController.opentList(java.util.Map<java.lang.String, java.lang.Object>)
2018-11-19 11:40:51 -Mapped "{[/blog/bContent/add],methods=[GET]}" onto java.lang.String com.bootdo.blog.controller.ContentController.add()
2018-11-19 11:40:51 -Mapped "{[/blog/bContent/remove],methods=[POST]}" onto public com.bootdo.common.utils.R com.bootdo.blog.controller.ContentController.remove(java.lang.Long)
2018-11-19 11:40:51 -Mapped "{[/blog/bContent/batchRemove],methods=[POST]}" onto public com.bootdo.common.utils.R com.bootdo.blog.controller.ContentController.remove(java.lang.Long[])
2018-11-19 11:40:51 -Mapped "{[/blog/bContent/update]}" onto public com.bootdo.common.utils.R com.bootdo.blog.controller.ContentController.update(com.bootdo.blog.domain.ContentDO)
2018-11-19 11:40:51 -Mapped "{[/blog/bContent/list],methods=[GET]}" onto public com.bootdo.common.utils.PageUtils com.bootdo.blog.controller.ContentController.list(java.util.Map<java.lang.String, java.lang.Object>)
2018-11-19 11:40:51 -Mapped "{[/blog/bContent/save],methods=[POST]}" onto public com.bootdo.common.utils.R com.bootdo.blog.controller.ContentController.save(com.bootdo.blog.domain.ContentDO)
2018-11-19 11:40:51 -Mapped "{[/blog/bContent/edit/{cid}],methods=[GET]}" onto java.lang.String com.bootdo.blog.controller.ContentController.edit(java.lang.Long,org.springframework.ui.Model)
2018-11-19 11:40:51 -Mapped "{[/blog/bContent],methods=[GET]}" onto java.lang.String com.bootdo.blog.controller.ContentController.bContent()
2018-11-19 11:40:51 -Mapped "{[/common/dict/add],methods=[GET]}" onto java.lang.String com.bootdo.common.controller.DictController.add()
2018-11-19 11:40:51 -Mapped "{[/common/dict/remove],methods=[POST]}" onto public com.bootdo.common.utils.R com.bootdo.common.controller.DictController.remove(java.lang.Long)
2018-11-19 11:40:51 -Mapped "{[/common/dict/batchRemove],methods=[POST]}" onto public com.bootdo.common.utils.R com.bootdo.common.controller.DictController.remove(java.lang.Long[])
2018-11-19 11:40:51 -Mapped "{[/common/dict/update]}" onto public com.bootdo.common.utils.R com.bootdo.common.controller.DictController.update(com.bootdo.common.domain.DictDO)
2018-11-19 11:40:51 -Mapped "{[/common/dict/list],methods=[GET]}" onto public com.bootdo.common.utils.PageUtils com.bootdo.common.controller.DictController.list(java.util.Map<java.lang.String, java.lang.Object>)
2018-11-19 11:40:51 -Mapped "{[/common/dict/save],methods=[POST]}" onto public com.bootdo.common.utils.R com.bootdo.common.controller.DictController.save(com.bootdo.common.domain.DictDO)
2018-11-19 11:40:51 -Mapped "{[/common/dict/edit/{id}],methods=[GET]}" onto java.lang.String com.bootdo.common.controller.DictController.edit(java.lang.Long,org.springframework.ui.Model)
2018-11-19 11:40:51 -Mapped "{[/common/dict/type],methods=[GET]}" onto public java.util.List<com.bootdo.common.domain.DictDO> com.bootdo.common.controller.DictController.listType()
2018-11-19 11:40:51 -Mapped "{[/common/dict/add/{type}/{description}],methods=[GET]}" onto java.lang.String com.bootdo.common.controller.DictController.addD(org.springframework.ui.Model,java.lang.String,java.lang.String)
2018-11-19 11:40:51 -Mapped "{[/common/dict/list/{type}],methods=[GET]}" onto public java.util.List<com.bootdo.common.domain.DictDO> com.bootdo.common.controller.DictController.listByType(java.lang.String)
2018-11-19 11:40:51 -Mapped "{[/common/dict],methods=[GET]}" onto java.lang.String com.bootdo.common.controller.DictController.dict()
2018-11-19 11:40:51 -Mapped "{[/common/sysFile/add],methods=[GET]}" onto java.lang.String com.bootdo.common.controller.FileController.add()
2018-11-19 11:40:51 -Mapped "{[/common/sysFile/remove],methods=[POST]}" onto public com.bootdo.common.utils.R com.bootdo.common.controller.FileController.remove(java.lang.Long,javax.servlet.http.HttpServletRequest)
2018-11-19 11:40:51 -Mapped "{[/common/sysFile/batchRemove],methods=[POST]}" onto public com.bootdo.common.utils.R com.bootdo.common.controller.FileController.remove(java.lang.Long[])
2018-11-19 11:40:51 -Mapped "{[/common/sysFile/update]}" onto public com.bootdo.common.utils.R com.bootdo.common.controller.FileController.update(com.bootdo.common.domain.FileDO)
2018-11-19 11:40:51 -Mapped "{[/common/sysFile/list],methods=[GET]}" onto public com.bootdo.common.utils.PageUtils com.bootdo.common.controller.FileController.list(java.util.Map<java.lang.String, java.lang.Object>)
2018-11-19 11:40:51 -Mapped "{[/common/sysFile/save],methods=[POST]}" onto public com.bootdo.common.utils.R com.bootdo.common.controller.FileController.save(com.bootdo.common.domain.FileDO)
2018-11-19 11:40:51 -Mapped "{[/common/sysFile/info/{id}]}" onto public com.bootdo.common.utils.R com.bootdo.common.controller.FileController.info(java.lang.Long)
2018-11-19 11:40:51 -Mapped "{[/common/sysFile/edit],methods=[GET]}" onto java.lang.String com.bootdo.common.controller.FileController.edit(java.lang.Long,org.springframework.ui.Model)
2018-11-19 11:40:51 -Mapped "{[/common/sysFile],methods=[GET]}" onto java.lang.String com.bootdo.common.controller.FileController.sysFile(org.springframework.ui.Model)
2018-11-19 11:40:51 -Mapped "{[/common/sysFile/upload],methods=[POST]}" onto com.bootdo.common.utils.R com.bootdo.common.controller.FileController.upload(org.springframework.web.multipart.MultipartFile,javax.servlet.http.HttpServletRequest)
2018-11-19 11:40:51 -Mapped "{[/common/generator/update],methods=[POST]}" onto com.bootdo.common.utils.R com.bootdo.common.controller.GeneratorController.update(java.util.Map<java.lang.String, java.lang.Object>)
2018-11-19 11:40:51 -Mapped "{[/common/generator/list],methods=[GET]}" onto java.util.List<java.util.Map<java.lang.String, java.lang.Object>> com.bootdo.common.controller.GeneratorController.list()
2018-11-19 11:40:51 -Mapped "{[/common/generator],methods=[GET]}" onto java.lang.String com.bootdo.common.controller.GeneratorController.generator()
2018-11-19 11:40:51 -Mapped "{[/common/generator/edit],methods=[GET]}" onto public java.lang.String com.bootdo.common.controller.GeneratorController.edit(org.springframework.ui.Model)
2018-11-19 11:40:51 -Mapped "{[/common/generator/code/{tableName}]}" onto public void com.bootdo.common.controller.GeneratorController.code(javax.servlet.http.HttpServletRequest,javax.servlet.http.HttpServletResponse,java.lang.String) throws java.io.IOException
2018-11-19 11:40:51 -Mapped "{[/common/generator/batchCode]}" onto public void com.bootdo.common.controller.GeneratorController.batchCode(javax.servlet.http.HttpServletRequest,javax.servlet.http.HttpServletResponse,java.lang.String) throws java.io.IOException
2018-11-19 11:40:51 -Mapped "{[/common/job/add],methods=[GET]}" onto java.lang.String com.bootdo.common.controller.JobController.add()
2018-11-19 11:40:51 -Mapped "{[/common/job/remove],methods=[POST]}" onto public com.bootdo.common.utils.R com.bootdo.common.controller.JobController.remove(java.lang.Long)
2018-11-19 11:40:51 -Mapped "{[/common/job/batchRemove],methods=[POST]}" onto public com.bootdo.common.utils.R com.bootdo.common.controller.JobController.remove(java.lang.Long[])
2018-11-19 11:40:51 -Mapped "{[/common/job/update],methods=[POST]}" onto public com.bootdo.common.utils.R com.bootdo.common.controller.JobController.update(com.bootdo.common.domain.TaskDO)
2018-11-19 11:40:51 -Mapped "{[/common/job/list],methods=[GET]}" onto public com.bootdo.common.utils.PageUtils com.bootdo.common.controller.JobController.list(java.util.Map<java.lang.String, java.lang.Object>)
2018-11-19 11:40:51 -Mapped "{[/common/job/save],methods=[POST]}" onto public com.bootdo.common.utils.R com.bootdo.common.controller.JobController.save(com.bootdo.common.domain.TaskDO)
2018-11-19 11:40:51 -Mapped "{[/common/job/info/{id}]}" onto public com.bootdo.common.utils.R com.bootdo.common.controller.JobController.info(java.lang.Long)
2018-11-19 11:40:51 -Mapped "{[/common/job/edit/{id}],methods=[GET]}" onto java.lang.String com.bootdo.common.controller.JobController.edit(java.lang.Long,org.springframework.ui.Model)
2018-11-19 11:40:51 -Mapped "{[/common/job],methods=[GET]}" onto java.lang.String com.bootdo.common.controller.JobController.taskScheduleJob()
2018-11-19 11:40:51 -Mapped "{[/common/job/changeJobStatus],methods=[POST]}" onto public com.bootdo.common.utils.R com.bootdo.common.controller.JobController.changeJobStatus(java.lang.Long,java.lang.String)
2018-11-19 11:40:51 -Mapped "{[/common/log/remove],methods=[POST]}" onto com.bootdo.common.utils.R com.bootdo.common.controller.LogController.remove(java.lang.Long)
2018-11-19 11:40:51 -Mapped "{[/common/log],methods=[GET]}" onto java.lang.String com.bootdo.common.controller.LogController.log()
2018-11-19 11:40:51 -Mapped "{[/common/log/list],methods=[GET]}" onto com.bootdo.common.domain.PageDO<com.bootdo.common.domain.LogDO> com.bootdo.common.controller.LogController.list(java.util.Map<java.lang.String, java.lang.Object>)
2018-11-19 11:40:51 -Mapped "{[/common/log/batchRemove],methods=[POST]}" onto com.bootdo.common.utils.R com.bootdo.common.controller.LogController.batchRemove(java.lang.Long[])
2018-11-19 11:40:51 -Mapped "{[/error]}" onto public com.bootdo.common.utils.R com.bootdo.common.exception.MainsiteErrorController.handleError(javax.servlet.http.HttpServletRequest,javax.servlet.http.HttpServletResponse)
2018-11-19 11:40:51 -Mapped "{[/error],produces=[text/html]}" onto public org.springframework.web.servlet.ModelAndView com.bootdo.common.exception.MainsiteErrorController.errorHtml(javax.servlet.http.HttpServletRequest,javax.servlet.http.HttpServletResponse)
2018-11-19 11:40:51 -Mapped "{[/oa/notify/add],methods=[GET]}" onto java.lang.String com.bootdo.oa.controller.NotifyController.add()
2018-11-19 11:40:51 -Mapped "{[/oa/notify/remove],methods=[POST]}" onto public com.bootdo.common.utils.R com.bootdo.oa.controller.NotifyController.remove(java.lang.Long)
2018-11-19 11:40:51 -Mapped "{[/oa/notify/batchRemove],methods=[POST]}" onto public com.bootdo.common.utils.R com.bootdo.oa.controller.NotifyController.remove(java.lang.Long[])
2018-11-19 11:40:51 -Mapped "{[/oa/notify/update]}" onto public com.bootdo.common.utils.R com.bootdo.oa.controller.NotifyController.update(com.bootdo.oa.domain.NotifyDO)
2018-11-19 11:40:51 -Mapped "{[/oa/notify/read/{id}],methods=[GET]}" onto java.lang.String com.bootdo.oa.controller.NotifyController.read(java.lang.Long,org.springframework.ui.Model)
2018-11-19 11:40:51 -Mapped "{[/oa/notify/list],methods=[GET]}" onto public com.bootdo.common.utils.PageUtils com.bootdo.oa.controller.NotifyController.list(java.util.Map<java.lang.String, java.lang.Object>)
2018-11-19 11:40:51 -Mapped "{[/oa/notify/save],methods=[POST]}" onto public com.bootdo.common.utils.R com.bootdo.oa.controller.NotifyController.save(com.bootdo.oa.domain.NotifyDO)
2018-11-19 11:40:51 -Mapped "{[/oa/notify/message],methods=[GET]}" onto com.bootdo.common.utils.PageUtils com.bootdo.oa.controller.NotifyController.message()
2018-11-19 11:40:51 -Mapped "{[/oa/notify/edit/{id}],methods=[GET]}" onto java.lang.String com.bootdo.oa.controller.NotifyController.edit(java.lang.Long,org.springframework.ui.Model)
2018-11-19 11:40:51 -Mapped "{[/oa/notify/selfNotify],methods=[GET]}" onto java.lang.String com.bootdo.oa.controller.NotifyController.selefNotify()
2018-11-19 11:40:51 -Mapped "{[/oa/notify],methods=[GET]}" onto java.lang.String com.bootdo.oa.controller.NotifyController.oaNotify()
2018-11-19 11:40:51 -Mapped "{[/oa/notify/selfList],methods=[GET]}" onto com.bootdo.common.utils.PageUtils com.bootdo.oa.controller.NotifyController.selfList(java.util.Map<java.lang.String, java.lang.Object>)
2018-11-19 11:40:51 -Mapped "{[/product/product/add],methods=[GET]}" onto java.lang.String com.bootdo.product.controller.ProductController.add()
2018-11-19 11:40:51 -Mapped "{[/product/product/remove],methods=[POST]}" onto public com.bootdo.common.utils.R com.bootdo.product.controller.ProductController.remove(java.lang.Long)
2018-11-19 11:40:51 -Mapped "{[/product/product/batchRemove],methods=[POST]}" onto public com.bootdo.common.utils.R com.bootdo.product.controller.ProductController.remove(java.lang.Long[])
2018-11-19 11:40:51 -Mapped "{[/product/product/update]}" onto public com.bootdo.common.utils.R com.bootdo.product.controller.ProductController.update(com.bootdo.product.domain.ProductDO)
2018-11-19 11:40:51 -Mapped "{[/product/product/list],methods=[GET]}" onto public com.bootdo.common.utils.PageUtils com.bootdo.product.controller.ProductController.list(java.util.Map<java.lang.String, java.lang.Object>)
2018-11-19 11:40:51 -Mapped "{[/product/product/save],methods=[POST]}" onto public com.bootdo.common.utils.R com.bootdo.product.controller.ProductController.save(com.bootdo.product.domain.ProductDO)
2018-11-19 11:40:51 -Mapped "{[/product/product/edit/{id}],methods=[GET]}" onto java.lang.String com.bootdo.product.controller.ProductController.edit(java.lang.Long,org.springframework.ui.Model)
2018-11-19 11:40:51 -Mapped "{[/product/product],methods=[GET]}" onto java.lang.String com.bootdo.product.controller.ProductController.Product()
2018-11-19 11:40:51 -Mapped "{[/smoke/smoke/add],methods=[GET]}" onto java.lang.String com.bootdo.smoke.controller.SmokeController.add()
2018-11-19 11:40:51 -Mapped "{[/smoke/smoke/remove],methods=[POST]}" onto public com.bootdo.common.utils.R com.bootdo.smoke.controller.SmokeController.remove(java.lang.Long)
2018-11-19 11:40:51 -Mapped "{[/smoke/smoke/batchRemove],methods=[POST]}" onto public com.bootdo.common.utils.R com.bootdo.smoke.controller.SmokeController.remove(java.lang.Long[])
2018-11-19 11:40:51 -Mapped "{[/smoke/smoke/update]}" onto public com.bootdo.common.utils.R com.bootdo.smoke.controller.SmokeController.update(com.bootdo.smoke.domain.SmokeDO)
2018-11-19 11:40:51 -Mapped "{[/smoke/smoke/list],methods=[GET]}" onto public com.bootdo.common.utils.PageUtils com.bootdo.smoke.controller.SmokeController.list(java.util.Map<java.lang.String, java.lang.Object>)
2018-11-19 11:40:51 -Mapped "{[/smoke/smoke/save],methods=[POST]}" onto public com.bootdo.common.utils.R com.bootdo.smoke.controller.SmokeController.save(com.bootdo.smoke.domain.SmokeDO)
2018-11-19 11:40:51 -Mapped "{[/smoke/smoke/edit/{id}],methods=[GET]}" onto java.lang.String com.bootdo.smoke.controller.SmokeController.edit(java.lang.Long,org.springframework.ui.Model)
2018-11-19 11:40:51 -Mapped "{[/smoke/smoke],methods=[GET]}" onto java.lang.String com.bootdo.smoke.controller.SmokeController.smoke()
2018-11-19 11:40:51 -Mapped "{[/supplier/supplier/add],methods=[GET]}" onto java.lang.String com.bootdo.supplier.controller.SupplierController.add()
2018-11-19 11:40:51 -Mapped "{[/supplier/supplier/remove],methods=[POST]}" onto public com.bootdo.common.utils.R com.bootdo.supplier.controller.SupplierController.remove(java.lang.Long)
2018-11-19 11:40:51 -Mapped "{[/supplier/supplier/batchRemove],methods=[POST]}" onto public com.bootdo.common.utils.R com.bootdo.supplier.controller.SupplierController.remove(java.lang.Long[])
2018-11-19 11:40:51 -Mapped "{[/supplier/supplier/update]}" onto public com.bootdo.common.utils.R com.bootdo.supplier.controller.SupplierController.update(com.bootdo.supplier.domain.SupplierDO)
2018-11-19 11:40:51 -Mapped "{[/supplier/supplier/list],methods=[GET]}" onto public com.bootdo.common.utils.PageUtils com.bootdo.supplier.controller.SupplierController.list(java.util.Map<java.lang.String, java.lang.Object>)
2018-11-19 11:40:51 -Mapped "{[/supplier/supplier/save],methods=[POST]}" onto public com.bootdo.common.utils.R com.bootdo.supplier.controller.SupplierController.save(com.bootdo.supplier.domain.SupplierDO)
2018-11-19 11:40:51 -Mapped "{[/supplier/supplier/edit/{id}],methods=[GET]}" onto java.lang.String com.bootdo.supplier.controller.SupplierController.edit(java.lang.Long,org.springframework.ui.Model)
2018-11-19 11:40:51 -Mapped "{[/supplier/supplier],methods=[GET]}" onto java.lang.String com.bootdo.supplier.controller.SupplierController.Supplier()
2018-11-19 11:40:51 -Mapped "{[/system/sysDept/add/{pId}],methods=[GET]}" onto java.lang.String com.bootdo.system.controller.DeptController.add(java.lang.Long,org.springframework.ui.Model)
2018-11-19 11:40:51 -Mapped "{[/system/sysDept/remove],methods=[POST]}" onto public com.bootdo.common.utils.R com.bootdo.system.controller.DeptController.remove(java.lang.Long)
2018-11-19 11:40:51 -Mapped "{[/system/sysDept/batchRemove],methods=[POST]}" onto public com.bootdo.common.utils.R com.bootdo.system.controller.DeptController.remove(java.lang.Long[])
2018-11-19 11:40:51 -Mapped "{[/system/sysDept/update]}" onto public com.bootdo.common.utils.R com.bootdo.system.controller.DeptController.update(com.bootdo.system.domain.DeptDO)
2018-11-19 11:40:51 -Mapped "{[/system/sysDept/list],methods=[GET]}" onto public java.util.List<com.bootdo.system.domain.DeptDO> com.bootdo.system.controller.DeptController.list()
2018-11-19 11:40:51 -Mapped "{[/system/sysDept/save],methods=[POST]}" onto public com.bootdo.common.utils.R com.bootdo.system.controller.DeptController.save(com.bootdo.system.domain.DeptDO)
2018-11-19 11:40:51 -Mapped "{[/system/sysDept/tree],methods=[GET]}" onto public com.bootdo.common.domain.Tree<com.bootdo.system.domain.DeptDO> com.bootdo.system.controller.DeptController.tree()
2018-11-19 11:40:51 -Mapped "{[/system/sysDept/edit/{deptId}],methods=[GET]}" onto java.lang.String com.bootdo.system.controller.DeptController.edit(java.lang.Long,org.springframework.ui.Model)
2018-11-19 11:40:51 -Mapped "{[/system/sysDept],methods=[GET]}" onto java.lang.String com.bootdo.system.controller.DeptController.dept()
2018-11-19 11:40:51 -Mapped "{[/system/sysDept/treeView],methods=[GET]}" onto java.lang.String com.bootdo.system.controller.DeptController.treeView()
2018-11-19 11:40:51 -Mapped "{[/index],methods=[GET]}" onto java.lang.String com.bootdo.system.controller.LoginController.index(org.springframework.ui.Model)
2018-11-19 11:40:51 -Mapped "{[/main],methods=[GET]}" onto java.lang.String com.bootdo.system.controller.LoginController.main()
2018-11-19 11:40:51 -Mapped "{[/login],methods=[GET]}" onto java.lang.String com.bootdo.system.controller.LoginController.login()
2018-11-19 11:40:51 -Mapped "{[/login],methods=[POST]}" onto com.bootdo.common.utils.R com.bootdo.system.controller.LoginController.ajaxLogin(java.lang.String,java.lang.String)
2018-11-19 11:40:51 -Mapped "{[/ || ],methods=[GET]}" onto java.lang.String com.bootdo.system.controller.LoginController.welcome(org.springframework.ui.Model)
2018-11-19 11:40:51 -Mapped "{[/logout],methods=[GET]}" onto java.lang.String com.bootdo.system.controller.LoginController.logout()
2018-11-19 11:40:51 -Mapped "{[/sys/menu/add/{pId}],methods=[GET]}" onto java.lang.String com.bootdo.system.controller.MenuController.add(org.springframework.ui.Model,java.lang.Long)
2018-11-19 11:40:51 -Mapped "{[/sys/menu/remove],methods=[POST]}" onto com.bootdo.common.utils.R com.bootdo.system.controller.MenuController.remove(java.lang.Long)
2018-11-19 11:40:51 -Mapped "{[/sys/menu/update],methods=[POST]}" onto com.bootdo.common.utils.R com.bootdo.system.controller.MenuController.update(com.bootdo.system.domain.MenuDO)
2018-11-19 11:40:51 -Mapped "{[/sys/menu/list]}" onto java.util.List<com.bootdo.system.domain.MenuDO> com.bootdo.system.controller.MenuController.list(java.util.Map<java.lang.String, java.lang.Object>)
2018-11-19 11:40:51 -Mapped "{[/sys/menu/save],methods=[POST]}" onto com.bootdo.common.utils.R com.bootdo.system.controller.MenuController.save(com.bootdo.system.domain.MenuDO)
2018-11-19 11:40:51 -Mapped "{[/sys/menu/tree/{roleId}],methods=[GET]}" onto com.bootdo.common.domain.Tree<com.bootdo.system.domain.MenuDO> com.bootdo.system.controller.MenuController.tree(java.lang.Long)
2018-11-19 11:40:51 -Mapped "{[/sys/menu/tree],methods=[GET]}" onto com.bootdo.common.domain.Tree<com.bootdo.system.domain.MenuDO> com.bootdo.system.controller.MenuController.tree()
2018-11-19 11:40:51 -Mapped "{[/sys/menu/edit/{id}],methods=[GET]}" onto java.lang.String com.bootdo.system.controller.MenuController.edit(org.springframework.ui.Model,java.lang.Long)
2018-11-19 11:40:51 -Mapped "{[/sys/menu],methods=[GET]}" onto java.lang.String com.bootdo.system.controller.MenuController.menu(org.springframework.ui.Model)
2018-11-19 11:40:51 -Mapped "{[/sys/role/add],methods=[GET]}" onto java.lang.String com.bootdo.system.controller.RoleController.add()
2018-11-19 11:40:51 -Mapped "{[/sys/role/update],methods=[POST]}" onto com.bootdo.common.utils.R com.bootdo.system.controller.RoleController.update(com.bootdo.system.domain.RoleDO)
2018-11-19 11:40:51 -Mapped "{[/sys/role/list],methods=[GET]}" onto java.util.List<com.bootdo.system.domain.RoleDO> com.bootdo.system.controller.RoleController.list()
2018-11-19 11:40:51 -Mapped "{[/sys/role/remove],methods=[POST]}" onto com.bootdo.common.utils.R com.bootdo.system.controller.RoleController.save(java.lang.Long)
2018-11-19 11:40:51 -Mapped "{[/sys/role/save],methods=[POST]}" onto com.bootdo.common.utils.R com.bootdo.system.controller.RoleController.save(com.bootdo.system.domain.RoleDO)
2018-11-19 11:40:51 -Mapped "{[/sys/role/batchRemove],methods=[POST]}" onto com.bootdo.common.utils.R com.bootdo.system.controller.RoleController.batchRemove(java.lang.Long[])
2018-11-19 11:40:51 -Mapped "{[/sys/role/edit/{id}],methods=[GET]}" onto java.lang.String com.bootdo.system.controller.RoleController.edit(java.lang.Long,org.springframework.ui.Model)
2018-11-19 11:40:51 -Mapped "{[/sys/role],methods=[GET]}" onto java.lang.String com.bootdo.system.controller.RoleController.role()
2018-11-19 11:40:51 -Mapped "{[/sys/online/list]}" onto public java.util.List<com.bootdo.system.domain.UserOnline> com.bootdo.system.controller.SessionController.list()
2018-11-19 11:40:51 -Mapped "{[/sys/online],methods=[GET]}" onto public java.lang.String com.bootdo.system.controller.SessionController.online()
2018-11-19 11:40:51 -Mapped "{[/sys/online/forceLogout/{sessionId}]}" onto public com.bootdo.common.utils.R com.bootdo.system.controller.SessionController.forceLogout(java.lang.String,org.springframework.web.servlet.mvc.support.RedirectAttributes)
2018-11-19 11:40:51 -Mapped "{[/sys/online/sessionList]}" onto public java.util.Collection<org.apache.shiro.session.Session> com.bootdo.system.controller.SessionController.sessionList()
2018-11-19 11:40:51 -Mapped "{[/sys/user/exit],methods=[POST]}" onto boolean com.bootdo.system.controller.UserController.exit(java.util.Map<java.lang.String, java.lang.Object>)
2018-11-19 11:40:51 -Mapped "{[/sys/user/add],methods=[GET]}" onto java.lang.String com.bootdo.system.controller.UserController.add(org.springframework.ui.Model)
2018-11-19 11:40:51 -Mapped "{[/sys/user/remove],methods=[POST]}" onto com.bootdo.common.utils.R com.bootdo.system.controller.UserController.remove(java.lang.Long)
2018-11-19 11:40:51 -Mapped "{[/sys/user/update],methods=[POST]}" onto com.bootdo.common.utils.R com.bootdo.system.controller.UserController.update(com.bootdo.system.domain.UserDO)
2018-11-19 11:40:51 -Mapped "{[/sys/user/list],methods=[GET]}" onto com.bootdo.common.utils.PageUtils com.bootdo.system.controller.UserController.list(java.util.Map<java.lang.String, java.lang.Object>)
2018-11-19 11:40:51 -Mapped "{[/sys/user/save],methods=[POST]}" onto com.bootdo.common.utils.R com.bootdo.system.controller.UserController.save(com.bootdo.system.domain.UserDO)
2018-11-19 11:40:51 -Mapped "{[/sys/user/batchRemove],methods=[POST]}" onto com.bootdo.common.utils.R com.bootdo.system.controller.UserController.batchRemove(java.lang.Long[])
2018-11-19 11:40:51 -Mapped "{[/sys/user/tree],methods=[GET]}" onto public com.bootdo.common.domain.Tree<com.bootdo.system.domain.DeptDO> com.bootdo.system.controller.UserController.tree()
2018-11-19 11:40:51 -Mapped "{[/sys/user/edit/{id}],methods=[GET]}" onto java.lang.String com.bootdo.system.controller.UserController.edit(org.springframework.ui.Model,java.lang.Long)
2018-11-19 11:40:51 -Mapped "{[/sys/user],methods=[GET]}" onto java.lang.String com.bootdo.system.controller.UserController.user(org.springframework.ui.Model)
2018-11-19 11:40:51 -Mapped "{[/sys/user/updatePeronal],methods=[POST]}" onto com.bootdo.common.utils.R com.bootdo.system.controller.UserController.updatePeronal(com.bootdo.system.domain.UserDO)
2018-11-19 11:40:51 -Mapped "{[/sys/user/personal],methods=[GET]}" onto java.lang.String com.bootdo.system.controller.UserController.personal(org.springframework.ui.Model)
2018-11-19 11:40:51 -Mapped "{[/sys/user/adminResetPwd],methods=[POST]}" onto com.bootdo.common.utils.R com.bootdo.system.controller.UserController.adminResetPwd(com.bootdo.system.vo.UserVO)
2018-11-19 11:40:51 -Mapped "{[/sys/user/resetPwd/{id}],methods=[GET]}" onto java.lang.String com.bootdo.system.controller.UserController.resetPwd(java.lang.Long,org.springframework.ui.Model)
2018-11-19 11:40:51 -Mapped "{[/sys/user/resetPwd],methods=[POST]}" onto com.bootdo.common.utils.R com.bootdo.system.controller.UserController.resetPwd(com.bootdo.system.vo.UserVO)
2018-11-19 11:40:51 -Mapped "{[/sys/user/uploadImg],methods=[POST]}" onto com.bootdo.common.utils.R com.bootdo.system.controller.UserController.uploadImg(org.springframework.web.multipart.MultipartFile,java.lang.String,javax.servlet.http.HttpServletRequest)
2018-11-19 11:40:51 -Mapped "{[/sys/user/treeView],methods=[GET]}" onto java.lang.String com.bootdo.system.controller.UserController.treeView()
2018-11-19 11:40:51 -Mapped "{[/v2/api-docs],methods=[GET],produces=[application/json || application/hal+json]}" onto public org.springframework.http.ResponseEntity<springfox.documentation.spring.web.json.Json> springfox.documentation.swagger2.web.Swagger2Controller.getDocumentation(java.lang.String,javax.servlet.http.HttpServletRequest)
2018-11-19 11:40:51 -Mapped "{[/swagger-resources]}" onto org.springframework.http.ResponseEntity<java.util.List<springfox.documentation.swagger.web.SwaggerResource>> springfox.documentation.swagger.web.ApiResourceController.swaggerResources()
2018-11-19 11:40:51 -Mapped "{[/swagger-resources/configuration/ui]}" onto org.springframework.http.ResponseEntity<springfox.documentation.swagger.web.UiConfiguration> springfox.documentation.swagger.web.ApiResourceController.uiConfiguration()
2018-11-19 11:40:51 -Mapped "{[/swagger-resources/configuration/security]}" onto org.springframework.http.ResponseEntity<springfox.documentation.swagger.web.SecurityConfiguration> springfox.documentation.swagger.web.ApiResourceController.securityConfiguration()
2018-11-19 11:40:51 -Initializing ExecutorService  'messageBrokerTaskScheduler'
2018-11-19 11:40:51 -Mapped URL path [/endpointChat/**] onto handler of type [class org.springframework.web.socket.sockjs.support.SockJsHttpRequestHandler]
2018-11-19 11:40:51 -Initializing ExecutorService  'brokerChannelExecutor'
2018-11-19 11:40:51 -Mapped URL path [/**/favicon.ico] onto handler of type [class org.springframework.web.servlet.resource.ResourceHttpRequestHandler]
2018-11-19 11:40:51 -Looking for @ControllerAdvice: org.springframework.boot.web.servlet.context.AnnotationConfigServletWebServerApplicationContext@5a56cdac: startup date [Mon Nov 19 11:40:43 CST 2018]; root of context hierarchy
2018-11-19 11:40:51 -Mapped URL path [/webjars/**] onto handler of type [class org.springframework.web.servlet.resource.ResourceHttpRequestHandler]
2018-11-19 11:40:51 -Mapped URL path [/**] onto handler of type [class org.springframework.web.servlet.resource.ResourceHttpRequestHandler]
2018-11-19 11:40:51 -Mapped URL path [/files/**] onto handler of type [class org.springframework.web.servlet.resource.ResourceHttpRequestHandler]
2018-11-19 11:40:51 -Detected @ExceptionHandler methods in BDExceptionHandler
2018-11-19 11:40:51 -[THYMELEAF][main] Template Mode 'LEGACYHTML5' is deprecated. Using Template Mode 'HTML' instead.
2018-11-19 11:40:53 -Registering beans for JMX exposure on startup
2018-11-19 11:40:53 -Bean with name 'dataSource' has been autodetected for JMX exposure
2018-11-19 11:40:53 -Located MBean 'dataSource': registering with JMX server as MBean [com.alibaba.druid.pool:name=dataSource,type=DruidDataSource]
2018-11-19 11:40:53 -Starting beans in phase 2147483647
2018-11-19 11:40:53 -Context refreshed
2018-11-19 11:40:53 -Found 1 custom documentation plugin(s)
2018-11-19 11:40:53 -Scanning for api listing references
2018-11-19 11:40:53 -Generating unique operation named: removeUsingPOST_1
2018-11-19 11:40:53 -Generating unique operation named: addUsingGET_1
2018-11-19 11:40:53 -Generating unique operation named: editUsingGET_1
2018-11-19 11:40:53 -Generating unique operation named: listUsingGET_1
2018-11-19 11:40:53 -Generating unique operation named: removeUsingPOST_2
2018-11-19 11:40:53 -Generating unique operation named: removeUsingPOST_3
2018-11-19 11:40:53 -Generating unique operation named: saveUsingPOST_1
2018-11-19 11:40:53 -Generating unique operation named: updateUsingGET_1
2018-11-19 11:40:53 -Generating unique operation named: updateUsingHEAD_1
2018-11-19 11:40:53 -Generating unique operation named: updateUsingPOST_1
2018-11-19 11:40:53 -Generating unique operation named: updateUsingPUT_1
2018-11-19 11:40:53 -Generating unique operation named: updateUsingPATCH_1
2018-11-19 11:40:53 -Generating unique operation named: updateUsingDELETE_1
2018-11-19 11:40:53 -Generating unique operation named: updateUsingOPTIONS_1
2018-11-19 11:40:53 -Generating unique operation named: updateUsingTRACE_1
2018-11-19 11:40:53 -Generating unique operation named: addUsingGET_2
2018-11-19 11:40:53 -Generating unique operation named: editUsingGET_2
2018-11-19 11:40:53 -Generating unique operation named: listUsingGET_2
2018-11-19 11:40:53 -Generating unique operation named: removeUsingPOST_4
2018-11-19 11:40:53 -Generating unique operation named: removeUsingPOST_5
2018-11-19 11:40:53 -Generating unique operation named: saveUsingPOST_2
2018-11-19 11:40:53 -Generating unique operation named: updateUsingGET_2
2018-11-19 11:40:53 -Generating unique operation named: updateUsingHEAD_2
2018-11-19 11:40:53 -Generating unique operation named: updateUsingPOST_2
2018-11-19 11:40:53 -Generating unique operation named: updateUsingPUT_2
2018-11-19 11:40:53 -Generating unique operation named: updateUsingPATCH_2
2018-11-19 11:40:53 -Generating unique operation named: updateUsingDELETE_2
2018-11-19 11:40:53 -Generating unique operation named: updateUsingOPTIONS_2
2018-11-19 11:40:53 -Generating unique operation named: updateUsingTRACE_2
2018-11-19 11:40:53 -Generating unique operation named: addUsingGET_3
2018-11-19 11:40:53 -Generating unique operation named: editUsingGET_3
2018-11-19 11:40:53 -Generating unique operation named: listUsingGET_3
2018-11-19 11:40:53 -Generating unique operation named: removeUsingPOST_6
2018-11-19 11:40:53 -Generating unique operation named: removeUsingPOST_7
2018-11-19 11:40:53 -Generating unique operation named: saveUsingPOST_3
2018-11-19 11:40:53 -Generating unique operation named: updateUsingGET_3
2018-11-19 11:40:53 -Generating unique operation named: updateUsingHEAD_3
2018-11-19 11:40:53 -Generating unique operation named: updateUsingPOST_3
2018-11-19 11:40:53 -Generating unique operation named: updateUsingPUT_3
2018-11-19 11:40:53 -Generating unique operation named: updateUsingPATCH_3
2018-11-19 11:40:53 -Generating unique operation named: updateUsingDELETE_3
2018-11-19 11:40:53 -Generating unique operation named: updateUsingOPTIONS_3
2018-11-19 11:40:53 -Generating unique operation named: updateUsingTRACE_3
2018-11-19 11:40:53 -Generating unique operation named: editUsingGET_4
2018-11-19 11:40:53 -Generating unique operation named: listUsingGET_4
2018-11-19 11:40:53 -Generating unique operation named: updateUsingPOST_4
2018-11-19 11:40:53 -Generating unique operation named: addUsingGET_4
2018-11-19 11:40:53 -Generating unique operation named: editUsingGET_5
2018-11-19 11:40:53 -Generating unique operation named: infoUsingGET_1
2018-11-19 11:40:53 -Generating unique operation named: infoUsingHEAD_1
2018-11-19 11:40:53 -Generating unique operation named: infoUsingPOST_1
2018-11-19 11:40:53 -Generating unique operation named: infoUsingPUT_1
2018-11-19 11:40:53 -Generating unique operation named: infoUsingPATCH_1
2018-11-19 11:40:53 -Generating unique operation named: infoUsingDELETE_1
2018-11-19 11:40:53 -Generating unique operation named: infoUsingOPTIONS_1
2018-11-19 11:40:53 -Generating unique operation named: infoUsingTRACE_1
2018-11-19 11:40:53 -Generating unique operation named: listUsingGET_5
2018-11-19 11:40:53 -Generating unique operation named: removeUsingPOST_8
2018-11-19 11:40:53 -Generating unique operation named: removeUsingPOST_9
2018-11-19 11:40:53 -Generating unique operation named: saveUsingPOST_4
2018-11-19 11:40:53 -Generating unique operation named: updateUsingPOST_5
2018-11-19 11:40:53 -Generating unique operation named: listUsingGET_6
2018-11-19 11:40:53 -Generating unique operation named: removeUsingPOST_10
2018-11-19 11:40:53 -Generating unique operation named: welcomeUsingGET_1
2018-11-19 11:40:53 -Generating unique operation named: addUsingGET_5
2018-11-19 11:40:53 -Generating unique operation named: editUsingGET_6
2018-11-19 11:40:53 -Generating unique operation named: listUsingGET_7
2018-11-19 11:40:53 -Generating unique operation named: removeUsingPOST_11
2018-11-19 11:40:53 -Generating unique operation named: saveUsingPOST_5
2018-11-19 11:40:53 -Generating unique operation named: treeUsingGET_1
2018-11-19 11:40:53 -Generating unique operation named: treeUsingGET_2
2018-11-19 11:40:53 -Generating unique operation named: updateUsingPOST_6
2018-11-19 11:40:53 -Generating unique operation named: batchRemoveUsingPOST_1
2018-11-19 11:40:53 -Generating unique operation named: editUsingGET_7
2018-11-19 11:40:53 -Generating unique operation named: listUsingGET_8
2018-11-19 11:40:53 -Generating unique operation named: addUsingGET_6
2018-11-19 11:40:53 -Generating unique operation named: editUsingGET_8
2018-11-19 11:40:53 -Generating unique operation named: listUsingGET_9
2018-11-19 11:40:53 -Generating unique operation named: removeUsingPOST_12
2018-11-19 11:40:53 -Generating unique operation named: removeUsingPOST_13
2018-11-19 11:40:53 -Generating unique operation named: saveUsingPOST_6
2018-11-19 11:40:53 -Generating unique operation named: updateUsingGET_4
2018-11-19 11:40:53 -Generating unique operation named: updateUsingHEAD_4
2018-11-19 11:40:53 -Generating unique operation named: updateUsingPOST_7
2018-11-19 11:40:53 -Generating unique operation named: updateUsingPUT_4
2018-11-19 11:40:53 -Generating unique operation named: updateUsingPATCH_4
2018-11-19 11:40:53 -Generating unique operation named: updateUsingDELETE_4
2018-11-19 11:40:53 -Generating unique operation named: updateUsingOPTIONS_4
2018-11-19 11:40:53 -Generating unique operation named: updateUsingTRACE_4
2018-11-19 11:40:53 -Generating unique operation named: addUsingGET_7
2018-11-19 11:40:53 -Generating unique operation named: batchRemoveUsingPOST_2
2018-11-19 11:40:54 -Generating unique operation named: deployUsingPOST_1
2018-11-19 11:40:54 -Generating unique operation named: listUsingGET_10
2018-11-19 11:40:54 -Generating unique operation named: removeUsingPOST_14
2018-11-19 11:40:54 -Generating unique operation named: addUsingGET_8
2018-11-19 11:40:54 -Generating unique operation named: editUsingGET_9
2018-11-19 11:40:54 -Generating unique operation named: listUsingGET_11
2018-11-19 11:40:54 -Generating unique operation named: removeUsingPOST_15
2018-11-19 11:40:54 -Generating unique operation named: removeUsingPOST_16
2018-11-19 11:40:54 -Generating unique operation named: saveUsingPOST_7
2018-11-19 11:40:54 -Generating unique operation named: updateUsingGET_5
2018-11-19 11:40:54 -Generating unique operation named: updateUsingHEAD_5
2018-11-19 11:40:54 -Generating unique operation named: updateUsingPOST_8
2018-11-19 11:40:54 -Generating unique operation named: updateUsingPUT_5
2018-11-19 11:40:54 -Generating unique operation named: updateUsingPATCH_5
2018-11-19 11:40:54 -Generating unique operation named: updateUsingDELETE_5
2018-11-19 11:40:54 -Generating unique operation named: updateUsingOPTIONS_5
2018-11-19 11:40:54 -Generating unique operation named: updateUsingTRACE_5
2018-11-19 11:40:54 -Generating unique operation named: addUsingGET_9
2018-11-19 11:40:54 -Generating unique operation named: batchRemoveUsingPOST_3
2018-11-19 11:40:54 -Generating unique operation named: editUsingGET_10
2018-11-19 11:40:54 -Generating unique operation named: listUsingGET_12
2018-11-19 11:40:54 -Generating unique operation named: saveUsingPOST_8
2018-11-19 11:40:54 -Generating unique operation named: saveUsingPOST_9
2018-11-19 11:40:54 -Generating unique operation named: updateUsingPOST_9
2018-11-19 11:40:54 -Generating unique operation named: addUsingGET_10
2018-11-19 11:40:54 -Generating unique operation named: editUsingGET_11
2018-11-19 11:40:54 -Generating unique operation named: listUsingGET_13
2018-11-19 11:40:54 -Generating unique operation named: removeUsingPOST_17
2018-11-19 11:40:54 -Generating unique operation named: removeUsingPOST_18
2018-11-19 11:40:54 -Generating unique operation named: updateUsingGET_6
2018-11-19 11:40:54 -Generating unique operation named: updateUsingHEAD_6
2018-11-19 11:40:54 -Generating unique operation named: updateUsingPOST_10
2018-11-19 11:40:54 -Generating unique operation named: updateUsingPUT_6
2018-11-19 11:40:54 -Generating unique operation named: updateUsingPATCH_6
2018-11-19 11:40:54 -Generating unique operation named: updateUsingDELETE_6
2018-11-19 11:40:54 -Generating unique operation named: updateUsingOPTIONS_6
2018-11-19 11:40:54 -Generating unique operation named: updateUsingTRACE_6
2018-11-19 11:40:54 -Generating unique operation named: listUsingGET_14
2018-11-19 11:40:54 -Generating unique operation named: listUsingHEAD_1
2018-11-19 11:40:54 -Generating unique operation named: listUsingPOST_1
2018-11-19 11:40:54 -Generating unique operation named: listUsingPUT_1
2018-11-19 11:40:54 -Generating unique operation named: listUsingPATCH_1
2018-11-19 11:40:54 -Generating unique operation named: listUsingDELETE_1
2018-11-19 11:40:54 -Generating unique operation named: listUsingOPTIONS_1
2018-11-19 11:40:54 -Generating unique operation named: listUsingTRACE_1
2018-11-19 11:40:54 -Generating unique operation named: addUsingGET_11
2018-11-19 11:40:54 -Generating unique operation named: editUsingGET_12
2018-11-19 11:40:54 -Generating unique operation named: listUsingGET_15
2018-11-19 11:40:54 -Generating unique operation named: removeUsingPOST_19
2018-11-19 11:40:54 -Generating unique operation named: removeUsingPOST_20
2018-11-19 11:40:54 -Generating unique operation named: saveUsingPOST_10
2018-11-19 11:40:54 -Generating unique operation named: updateUsingGET_7
2018-11-19 11:40:54 -Generating unique operation named: updateUsingHEAD_7
2018-11-19 11:40:54 -Generating unique operation named: updateUsingPOST_11
2018-11-19 11:40:54 -Generating unique operation named: updateUsingPUT_7
2018-11-19 11:40:54 -Generating unique operation named: updateUsingPATCH_7
2018-11-19 11:40:54 -Generating unique operation named: updateUsingDELETE_7
2018-11-19 11:40:54 -Generating unique operation named: updateUsingOPTIONS_7
2018-11-19 11:40:54 -Generating unique operation named: updateUsingTRACE_7
2018-11-19 11:40:54 -Generating unique operation named: addUsingGET_12
2018-11-19 11:40:54 -Generating unique operation named: editUsingGET_13
2018-11-19 11:40:54 -Generating unique operation named: listUsingGET_16
2018-11-19 11:40:54 -Generating unique operation named: removeUsingPOST_21
2018-11-19 11:40:54 -Generating unique operation named: removeUsingPOST_22
2018-11-19 11:40:54 -Generating unique operation named: saveUsingPOST_11
2018-11-19 11:40:54 -Generating unique operation named: updateUsingGET_8
2018-11-19 11:40:54 -Generating unique operation named: updateUsingHEAD_8
2018-11-19 11:40:54 -Generating unique operation named: updateUsingPOST_12
2018-11-19 11:40:54 -Generating unique operation named: updateUsingPUT_8
2018-11-19 11:40:54 -Generating unique operation named: updateUsingPATCH_8
2018-11-19 11:40:54 -Generating unique operation named: updateUsingDELETE_8
2018-11-19 11:40:54 -Generating unique operation named: updateUsingOPTIONS_8
2018-11-19 11:40:54 -Generating unique operation named: updateUsingTRACE_8
2018-11-19 11:40:54 -Generating unique operation named: listUsingGET_17
2018-11-19 11:40:54 -Generating unique operation named: addUsingGET_13
2018-11-19 11:40:54 -Generating unique operation named: batchRemoveUsingPOST_4
2018-11-19 11:40:54 -Generating unique operation named: editUsingGET_14
2018-11-19 11:40:54 -Generating unique operation named: listUsingGET_18
2018-11-19 11:40:54 -Generating unique operation named: removeUsingPOST_23
2018-11-19 11:40:54 -Generating unique operation named: saveUsingPOST_12
2018-11-19 11:40:54 -Generating unique operation named: treeUsingGET_3
2018-11-19 11:40:54 -Generating unique operation named: treeViewUsingGET_1
2018-11-19 11:40:54 -Generating unique operation named: updateUsingPOST_13
2018-11-19 11:40:54 -Starting Quartz Scheduler now
2018-11-19 11:40:54 -Scheduler schedulerFactoryBean_$_NON_CLUSTERED started.
2018-11-19 11:40:54 -Starting...
2018-11-19 11:40:54 -BrokerAvailabilityEvent[available=true, SimpleBrokerMessageHandler [DefaultSubscriptionRegistry[cache[0 destination(s)], registry[0 sessions]]]]
2018-11-19 11:40:54 -Started.
2018-11-19 11:40:54 -Starting ProtocolHandler ["http-nio-80"]
2018-11-19 11:40:54 -Using a shared selector for servlet write/read
2018-11-19 11:40:54 -Tomcat started on port(s): 80 (http) with context path ''
2018-11-19 11:40:54 -Started BootdoApplication in 11.768 seconds (JVM running for 13.595)
2018-11-19 11:40:54 -==>  Preparing: select `id`,`cron_expression`,`method_name`,`is_concurrent`,`description`,`update_by`,`bean_class`,`create_date`,`job_status`,`job_group`,`update_date`,`create_by`,`spring_bean`,`job_name` from sys_task order by id desc 
2018-11-19 11:40:54 -==> Parameters: 
2018-11-19 11:40:54 -<==      Total: 1
2018-11-19 11:41:04 -Initializing Spring FrameworkServlet 'dispatcherServlet'
2018-11-19 11:41:04 -FrameworkServlet 'dispatcherServlet': initialization started
2018-11-19 11:41:04 -FrameworkServlet 'dispatcherServlet': initialization completed in 42 ms
2018-11-19 11:41:04 -Enabling session validation scheduler...
2018-11-19 11:41:04 - : http://localhost/
2018-11-19 11:41:04 -HTTP METHOD : GET
2018-11-19 11:41:04 -CLASS_METHOD : com.bootdo.system.controller.LoginController.welcome
2018-11-19 11:41:04 - : [{}]
2018-11-19 11:41:04 - : 2
2018-11-19 11:41:04 - : redirect:/blog
2018-11-19 11:41:04 - : http://localhost/blog
2018-11-19 11:41:04 -HTTP METHOD : GET
2018-11-19 11:41:04 -CLASS_METHOD : com.bootdo.blog.controller.BlogController.blog
2018-11-19 11:41:04 - : []
2018-11-19 11:41:04 - : 1
2018-11-19 11:41:04 - : blog/index/main
2018-11-19 11:41:05 - : http://localhost/blog/open/list
2018-11-19 11:41:05 -HTTP METHOD : GET
2018-11-19 11:41:05 -CLASS_METHOD : com.bootdo.blog.controller.BlogController.opentList
2018-11-19 11:41:05 - : [{type=article, limit=10, offset=0}]
2018-11-19 11:41:05 -==>  Preparing: select `cid`,`title`,`slug`,`created`,`modified`,`content`,`type`,`tags`,`categories`,`hits`,`comments_num`,`allow_comment`,`allow_ping`,`allow_feed`,`status`,`author`,`gtm_create`,`gtm_modified` from blog_content WHERE type = ? order by cid desc limit 0, 10 
2018-11-19 11:41:05 -==> Parameters: article(String)
2018-11-19 11:41:05 -<==      Total: 10
2018-11-19 11:41:05 -==>  Preparing: select count(*) from blog_content WHERE type = ? 
2018-11-19 11:41:05 -==> Parameters: article(String)
2018-11-19 11:41:05 -<==      Total: 1
2018-11-19 11:41:05 - : 49
2018-11-19 11:41:05 - : com.bootdo.common.utils.PageUtils@1c388db6
2018-11-19 11:41:06 - : http://localhost/login
2018-11-19 11:41:06 -HTTP METHOD : GET
2018-11-19 11:41:06 -CLASS_METHOD : com.bootdo.system.controller.LoginController.login
2018-11-19 11:41:06 - : []
2018-11-19 11:41:06 - : 0
2018-11-19 11:41:06 - : login
2018-11-19 11:41:07 - : http://localhost/login
2018-11-19 11:41:07 -HTTP METHOD : POST
2018-11-19 11:41:07 -CLASS_METHOD : com.bootdo.system.controller.LoginController.ajaxLogin
2018-11-19 11:41:07 - : [admin, 111111]
2018-11-19 11:41:07 -==>  Preparing: select `user_id`,`username`,`name`,`password`,`dept_id`,`email`,`mobile`,`status`,`user_id_create`,`gmt_create`,`gmt_modified`,`sex`,`birth`,`pic_id`,`live_address`,`hobby`,`province`,`city`,`district` from sys_user WHERE username = ? order by user_id desc 
2018-11-19 11:41:07 -==> Parameters: admin(String)
2018-11-19 11:41:07 -<==      Total: 1
2018-11-19 11:41:07 - : 20
2018-11-19 11:41:07 - : {msg=, code=0}
2018-11-19 11:41:07 -More than one TaskExecutor bean found within the context, and none is named 'taskExecutor'. Mark one of them as primary or name it 'taskExecutor' (possibly as an alias) in order to use it for async processing: [clientInboundChannelExecutor, clientOutboundChannelExecutor, brokerChannelExecutor, messageBrokerTaskScheduler]
2018-11-19 11:41:07 -==>  Preparing: insert into sys_log ( `user_id`, `username`, `operation`, `time`, `method`, `params`, `ip`, `gmt_create` ) values ( ?, ?, ?, ?, ?, ?, ?, ? ) 
2018-11-19 11:41:07 -==> Parameters: 1(Long), admin(String), (String), 21(Integer), com.bootdo.system.controller.LoginController.ajaxLogin()(String), null, 127.0.0.1(String), 2018-11-19 11:41:07.407(Timestamp)
2018-11-19 11:41:07 -<==    Updates: 1
2018-11-19 11:41:07 - : http://localhost/index
2018-11-19 11:41:07 -HTTP METHOD : GET
2018-11-19 11:41:07 -CLASS_METHOD : com.bootdo.system.controller.LoginController.index
2018-11-19 11:41:07 - : [{}]
2018-11-19 11:41:07 -==>  Preparing: select distinct m.menu_id , parent_id, name, url, perms,`type`,icon,order_num,gmt_create, gmt_modified from sys_menu m left join sys_role_menu rm on m.menu_id = rm.menu_id left join sys_user_role ur on rm.role_id =ur.role_id where ur.user_id = ? and m.type in(0,1) order by m.order_num 
2018-11-19 11:41:07 -==> Parameters: 1(Long)
2018-11-19 11:41:07 -<==      Total: 32
2018-11-19 11:41:07 -==>  Preparing: select `id`,`type`,`url`,`create_date` from sys_file where id = ? 
2018-11-19 11:41:07 -==> Parameters: 143(Long)
2018-11-19 11:41:07 -<==      Total: 1
2018-11-19 11:41:07 - : 44
2018-11-19 11:41:07 - : index_v1
2018-11-19 11:41:07 -==>  Preparing: insert into sys_log ( `user_id`, `username`, `operation`, `time`, `method`, `params`, `ip`, `gmt_create` ) values ( ?, ?, ?, ?, ?, ?, ?, ? ) 
2018-11-19 11:41:07 -==> Parameters: 1(Long), admin(String), (String), 44(Integer), com.bootdo.system.controller.LoginController.index()(String), {"menus":[{"attributes":{"icon":"fa fa-street-view","url":""},"checked":false,"children":[{"attributes":{"icon":"fa fa-deafness","url":"/smoke/smoke"},"checked":false,"children":[],"hasChildren":false,"hasParent":true,"id":"107","parentId":"106","text":""}],"hasChildren":true,"hasParent":false,"id":"106","parentId":"0","text":""},{"attributes":{"icon":"fa fa-bomb","url":""},"checked":false,"children":[{"attributes":{"icon":"fa fa-blind","url":"/product/product"},"checked":false,"children":[],"hasChildren":false,"hasParent":true,"id":"105","parentId":"104","text":""},{"attributes":{"icon":"fa fa-tty","url":"/supplier/supplier"},"checked":false,"children":[],"hasChildren":false,"hasParent":true,"id":"111","parentId":"104","text":""}],"hasChildren":true,"hasParent":false,"id":"104","parentId":"0","text":""},{"attributes":{"icon":"fa fa-bars","url":""},"checked":false,"children":[{"attributes":{"icon":"fa fa-book","url":"/common/dict"},"checked":false,"children":[],"hasChildren":false,"hasParent":true,"id":"78","parentId":"1","text":""},{"attributes":{"icon":"fa fa-folder-open","url":"/common/sysFile"},"checked":false,"children":[],"hasChildren":false,"hasParent":true,"id":"71","parentId":"1","text":""}],"hasChildren":true,"hasParent":false,"id":"1","parentId":"0","text":""},{"attributes":{"icon":"fa fa-desktop"},"checked":false,"children":[{"attributes":{"icon":"fa fa-user","url":"sys/user/"},"checked":false,"children":[],"hasChildren":false,"hasParent":true,"id":"6","parentId":"3","text":""},{"attributes":{"icon":"fa fa-paw","url":"sys/role"},"checked":false,"children":[],"hasChildren":false,"hasParent":true,"id":"7","parentId":"3","text":""},{"attributes":{"icon":"fa fa-th-list","url":"sys/menu/"},"checked":false,"children":[],"hasChildren":false,"hasParent":true,"id":"2","parentId":"3","text":""},{"attributes":{"icon":"fa fa-users","url":"/system/sysDept"},"checked":false,"children":[],"hasChildren":false,"hasParent":true,"id":"73","parentId":"3","text":""}],"hasChildren":true,"hasParent":false,"id":"3","parentId":"0","text":""},{"attributes":{"icon":"fa fa-gear","url":""},"checked":false,"children":[{"attributes":{"icon":"fa fa-code","url":"common/generator"},"checked":false,"children":[],"hasChildren":false,"hasParent":true,"id":"48","parentId":"77","text":""},{"attributes":{"icon":"fa fa-hourglass-1","url":"common/job"},"checked":false,"children":[],"hasChildren":false,"hasParent":true,"id":"72","parentId":"77","text":""}],"hasChildren":true,"hasParent":false,"id":"77","parentId":"0","text":""},{"attributes":{"icon":"fa fa-laptop","url":""},"checked":false,"children":[{"attributes":{"icon":"fa fa-pencil-square","url":"oa/notify"},"checked":false,"children":[],"hasChildren":false,"hasParent":true,"id":"85","parentId":"84","text":""},{"attributes":{"icon":"fa fa-envelope-square","url":"oa/notify/selfNotify"},"checked":false,"children":[],"hasChildren":false,"hasParent":true,"id":"90","parentId":"84","text":""}],"hasChildren":true,"hasParent":false,"id":"84","parentId":"0","text":""},{"attributes":{"icon":"fa fa-video-camera","url":""},"checked":false,"children":[{"attributes":{"icon":"fa fa-user","url":"sys/online"},"checked":false,"children":[],"hasChildren":false,"hasParent":true,"id":"92","parentId":"91","text":""},{"attributes":{"icon":"fa fa-warning","url":"common/log"},"checked":false,"children":[],"hasChildren":false,"hasParent":true,"id":"27","parentId":"91","text":""},{"attributes":{"icon":"fa fa-caret-square-o-right","url":"/druid/index.html"},"checked":false,"children":[],"hasChildren":false,"hasParent":true,"id":"57","parentId":"91","text":""}],"hasChildren":true,"hasParent":false,"id":"91","parentId":"0","text":""},{"attributes":{"icon":"fa fa-print","url":""},"checked":false,"children":[{"attributes":{"icon":"fa fa-sort-amount-asc","url":"activiti/model"},"checked":false,"children":[],"hasChildren":false,"hasParent":true,"id":"94","parentId":"93","text":""},{"attributes":{"icon":"","url":"activiti/task/todo"},"checked":false,"children":[],"hasChildren":false,"hasParent":true,"id":"101","parentId":"93","text":""},{"attributes":{"icon":"fa fa-flag","url":"activiti/process"},"checked":false,"children":[],"hasChildren":false,"hasParent":true,"id":"96","parentId":"93","text":""}],"hasChildren":true,"hasParent":false,"id":"93","parentId":"0","text":""},{"attributes":{"icon":"fa fa-rss","url":""},"checked":false,"children":[{"attributes":{"icon":"fa fa-edit","url":"/blog/bContent/add"},"checked":false,"children":[],"hasChildren":false,"hasParent":true,"id":"68","parentId":"49","text":""},{"attributes":{"icon":"fa fa-file-image-o","url":"blog/bContent"},"checked":false,"children":[],"hasChildren":false,"hasParent":true,"id":"50","parentId":"49","text":""}],"hasChildren":true,"hasParent":false,"id":"49","parentId":"0","text":""},{"attributes":{"icon":"fa fa-bar-chart","url":""},"checked(String), 127.0.0.1(String), 2018-11-19 11:41:07.498(Timestamp)
2018-11-19 11:41:07 -<==    Updates: 1
2018-11-19 11:41:07 - : http://localhost/main
2018-11-19 11:41:07 -HTTP METHOD : GET
2018-11-19 11:41:07 -CLASS_METHOD : com.bootdo.system.controller.LoginController.main
2018-11-19 11:41:07 - : []
2018-11-19 11:41:07 - : 0
2018-11-19 11:41:07 - : main
2018-11-19 11:41:07 - : http://localhost/oa/notify/message
2018-11-19 11:41:07 -HTTP METHOD : GET
2018-11-19 11:41:07 -CLASS_METHOD : com.bootdo.oa.controller.NotifyController.message
2018-11-19 11:41:07 - : []
2018-11-19 11:41:07 -==>  Preparing: select DISTINCT n.id ,`type`,`title`,`content`,`files`,r.is_read,`status`,`create_by`,`create_date`,`update_by`,`update_date`,`remarks`,`del_flag` from oa_notify_record r right JOIN oa_notify n on r.notify_id = n.id WHERE r.is_read = ? and r.user_id = ? order by is_read ASC, update_date DESC limit ?, ? 
2018-11-19 11:41:07 -==> Parameters: 0(String), 1(Long), 0(Integer), 3(Integer)
2018-11-19 11:41:07 -<==      Total: 0
2018-11-19 11:41:07 -==>  Preparing: select count(*) from oa_notify_record r right JOIN oa_notify n on r.notify_id = n.id where r.user_id =? and r.is_read = ? 
2018-11-19 11:41:07 -==> Parameters: 1(Long), 0(String)
2018-11-19 11:41:07 -<==      Total: 1
2018-11-19 11:41:07 - : 15
2018-11-19 11:41:07 - : com.bootdo.common.utils.PageUtils@1a2e6c61
2018-11-19 11:41:07 - : http://localhost/main
2018-11-19 11:41:07 -HTTP METHOD : GET
2018-11-19 11:41:07 -CLASS_METHOD : com.bootdo.system.controller.LoginController.main
2018-11-19 11:41:07 - : []
2018-11-19 11:41:07 - : 0
2018-11-19 11:41:07 - : main
2018-11-19 11:41:22 - : http://localhost/
2018-11-19 11:41:22 -HTTP METHOD : GET
2018-11-19 11:41:22 -CLASS_METHOD : com.bootdo.system.controller.LoginController.welcome
2018-11-19 11:41:22 - : [{}]
2018-11-19 11:41:22 - : 0
2018-11-19 11:41:22 - : redirect:/blog
2018-11-19 11:41:22 - : http://localhost/blog
2018-11-19 11:41:22 -HTTP METHOD : GET
2018-11-19 11:41:22 -CLASS_METHOD : com.bootdo.blog.controller.BlogController.blog
2018-11-19 11:41:22 - : []
2018-11-19 11:41:22 - : 0
2018-11-19 11:41:22 - : blog/index/main
2018-11-19 11:41:23 - : http://localhost/blog/open/list
2018-11-19 11:41:23 -HTTP METHOD : GET
2018-11-19 11:41:23 -CLASS_METHOD : com.bootdo.blog.controller.BlogController.opentList
2018-11-19 11:41:23 - : [{type=article, limit=10, offset=0}]
2018-11-19 11:41:23 -==>  Preparing: select `cid`,`title`,`slug`,`created`,`modified`,`content`,`type`,`tags`,`categories`,`hits`,`comments_num`,`allow_comment`,`allow_ping`,`allow_feed`,`status`,`author`,`gtm_create`,`gtm_modified` from blog_content WHERE type = ? order by cid desc limit 0, 10 
2018-11-19 11:41:23 -==> Parameters: article(String)
2018-11-19 11:41:23 -<==      Total: 10
2018-11-19 11:41:23 -==>  Preparing: select count(*) from blog_content WHERE type = ? 
2018-11-19 11:41:23 -==> Parameters: article(String)
2018-11-19 11:41:23 -<==      Total: 1
2018-11-19 11:41:23 - : 16
2018-11-19 11:41:23 - : com.bootdo.common.utils.PageUtils@619031b5
2018-11-19 11:41:25 - : http://localhost/blog/open/list
2018-11-19 11:41:25 -HTTP METHOD : GET
2018-11-19 11:41:25 -CLASS_METHOD : com.bootdo.blog.controller.BlogController.opentList
2018-11-19 11:41:25 - : [{}]
2018-11-19 11:41:26 -null
java.lang.NullPointerException: null
	at com.bootdo.common.utils.Query.<init>(Query.java:19)
	at com.bootdo.blog.controller.BlogController.opentList(BlogController.java:34)
	at com.bootdo.blog.controller.BlogController$$FastClassBySpringCGLIB$$ff0520a8.invoke(<generated>)
	at org.springframework.cglib.proxy.MethodProxy.invoke(MethodProxy.java:204)
	at org.springframework.aop.framework.CglibAopProxy$CglibMethodInvocation.invokeJoinpoint(CglibAopProxy.java:746)
	at org.springframework.aop.framework.ReflectiveMethodInvocation.proceed(ReflectiveMethodInvocation.java:163)
	at org.springframework.aop.framework.adapter.MethodBeforeAdviceInterceptor.invoke(MethodBeforeAdviceInterceptor.java:52)
	at org.springframework.aop.framework.ReflectiveMethodInvocation.proceed(ReflectiveMethodInvocation.java:185)
	at org.springframework.aop.aspectj.MethodInvocationProceedingJoinPoint.proceed(MethodInvocationProceedingJoinPoint.java:88)
	at com.bootdo.common.aspect.WebLogAspect.doAround(WebLogAspect.java:57)
	at sun.reflect.NativeMethodAccessorImpl.invoke0(Native Method)
	at sun.reflect.NativeMethodAccessorImpl.invoke(NativeMethodAccessorImpl.java:62)
	at sun.reflect.DelegatingMethodAccessorImpl.invoke(DelegatingMethodAccessorImpl.java:43)
	at java.lang.reflect.Method.invoke(Method.java:498)
	at org.springframework.aop.aspectj.AbstractAspectJAdvice.invokeAdviceMethodWithGivenArgs(AbstractAspectJAdvice.java:644)
	at org.springframework.aop.aspectj.AbstractAspectJAdvice.invokeAdviceMethod(AbstractAspectJAdvice.java:633)
	at org.springframework.aop.aspectj.AspectJAroundAdvice.invoke(AspectJAroundAdvice.java:70)
	at org.springframework.aop.framework.ReflectiveMethodInvocation.proceed(ReflectiveMethodInvocation.java:185)
	at org.springframework.aop.framework.adapter.AfterReturningAdviceInterceptor.invoke(AfterReturningAdviceInterceptor.java:52)
	at org.springframework.aop.framework.ReflectiveMethodInvocation.proceed(ReflectiveMethodInvocation.java:185)
	at org.springframework.aop.interceptor.ExposeInvocationInterceptor.invoke(ExposeInvocationInterceptor.java:92)
	at org.springframework.aop.framework.ReflectiveMethodInvocation.proceed(ReflectiveMethodInvocation.java:185)
	at org.springframework.aop.framework.CglibAopProxy$DynamicAdvisedInterceptor.intercept(CglibAopProxy.java:688)
	at com.bootdo.blog.controller.BlogController$$EnhancerBySpringCGLIB$$623829a8.opentList(<generated>)
	at sun.reflect.NativeMethodAccessorImpl.invoke0(Native Method)
	at sun.reflect.NativeMethodAccessorImpl.invoke(NativeMethodAccessorImpl.java:62)
	at sun.reflect.DelegatingMethodAccessorImpl.invoke(DelegatingMethodAccessorImpl.java:43)
	at java.lang.reflect.Method.invoke(Method.java:498)
	at org.springframework.web.method.support.InvocableHandlerMethod.doInvoke(InvocableHandlerMethod.java:209)
	at org.springframework.web.method.support.InvocableHandlerMethod.invokeForRequest(InvocableHandlerMethod.java:136)
	at org.springframework.web.servlet.mvc.method.annotation.ServletInvocableHandlerMethod.invokeAndHandle(ServletInvocableHandlerMethod.java:102)
	at org.springframework.web.servlet.mvc.method.annotation.RequestMappingHandlerAdapter.invokeHandlerMethod(RequestMappingHandlerAdapter.java:877)
	at org.springframework.web.servlet.mvc.method.annotation.RequestMappingHandlerAdapter.handleInternal(RequestMappingHandlerAdapter.java:783)
	at org.springframework.web.servlet.mvc.method.AbstractHandlerMethodAdapter.handle(AbstractHandlerMethodAdapter.java:87)
	at org.springframework.web.servlet.DispatcherServlet.doDispatch(DispatcherServlet.java:991)
	at org.springframework.web.servlet.DispatcherServlet.doService(DispatcherServlet.java:925)
	at org.springframework.web.servlet.FrameworkServlet.processRequest(FrameworkServlet.java:974)
	at org.springframework.web.servlet.FrameworkServlet.doGet(FrameworkServlet.java:866)
	at javax.servlet.http.HttpServlet.service(HttpServlet.java:635)
	at org.springframework.web.servlet.FrameworkServlet.service(FrameworkServlet.java:851)
	at javax.servlet.http.HttpServlet.service(HttpServlet.java:742)
	at org.apache.catalina.core.ApplicationFilterChain.internalDoFilter(ApplicationFilterChain.java:231)
	at org.apache.catalina.core.ApplicationFilterChain.doFilter(ApplicationFilterChain.java:166)
	at org.apache.tomcat.websocket.server.WsFilter.doFilter(WsFilter.java:52)
	at org.apache.catalina.core.ApplicationFilterChain.internalDoFilter(ApplicationFilterChain.java:193)
	at org.apache.catalina.core.ApplicationFilterChain.doFilter(ApplicationFilterChain.java:166)
	at org.apache.shiro.web.servlet.ProxiedFilterChain.doFilter(ProxiedFilterChain.java:61)
	at org.apache.shiro.web.servlet.AdviceFilter.executeChain(AdviceFilter.java:108)
	at org.apache.shiro.web.servlet.AdviceFilter.doFilterInternal(AdviceFilter.java:137)
	at org.apache.shiro.web.servlet.OncePerRequestFilter.doFilter(OncePerRequestFilter.java:125)
	at org.apache.shiro.web.servlet.ProxiedFilterChain.doFilter(ProxiedFilterChain.java:66)
	at org.apache.shiro.web.servlet.AbstractShiroFilter.executeChain(AbstractShiroFilter.java:449)
	at org.apache.shiro.web.servlet.AbstractShiroFilter$1.call(AbstractShiroFilter.java:365)
	at org.apache.shiro.subject.support.SubjectCallable.doCall(SubjectCallable.java:90)
	at org.apache.shiro.subject.support.SubjectCallable.call(SubjectCallable.java:83)
	at org.apache.shiro.subject.support.DelegatingSubject.execute(DelegatingSubject.java:383)
	at org.apache.shiro.web.servlet.AbstractShiroFilter.doFilterInternal(AbstractShiroFilter.java:362)
	at org.apache.shiro.web.servlet.OncePerRequestFilter.doFilter(OncePerRequestFilter.java:125)
	at org.apache.catalina.core.ApplicationFilterChain.internalDoFilter(ApplicationFilterChain.java:193)
	at org.apache.catalina.core.ApplicationFilterChain.doFilter(ApplicationFilterChain.java:166)
	at com.alibaba.druid.support.http.WebStatFilter.doFilter(WebStatFilter.java:123)
	at org.apache.catalina.core.ApplicationFilterChain.internalDoFilter(ApplicationFilterChain.java:193)
	at org.apache.catalina.core.ApplicationFilterChain.doFilter(ApplicationFilterChain.java:166)
	at org.springframework.web.filter.RequestContextFilter.doFilterInternal(RequestContextFilter.java:99)
	at org.springframework.web.filter.OncePerRequestFilter.doFilter(OncePerRequestFilter.java:107)
	at org.apache.catalina.core.ApplicationFilterChain.internalDoFilter(ApplicationFilterChain.java:193)
	at org.apache.catalina.core.ApplicationFilterChain.doFilter(ApplicationFilterChain.java:166)
	at org.springframework.web.filter.HttpPutFormContentFilter.doFilterInternal(HttpPutFormContentFilter.java:109)
	at org.springframework.web.filter.OncePerRequestFilter.doFilter(OncePerRequestFilter.java:107)
	at org.apache.catalina.core.ApplicationFilterChain.internalDoFilter(ApplicationFilterChain.java:193)
	at org.apache.catalina.core.ApplicationFilterChain.doFilter(ApplicationFilterChain.java:166)
	at org.springframework.web.filter.HiddenHttpMethodFilter.doFilterInternal(HiddenHttpMethodFilter.java:93)
	at org.springframework.web.filter.OncePerRequestFilter.doFilter(OncePerRequestFilter.java:107)
	at org.apache.catalina.core.ApplicationFilterChain.internalDoFilter(ApplicationFilterChain.java:193)
	at org.apache.catalina.core.ApplicationFilterChain.doFilter(ApplicationFilterChain.java:166)
	at org.springframework.web.filter.CharacterEncodingFilter.doFilterInternal(CharacterEncodingFilter.java:200)
	at org.springframework.web.filter.OncePerRequestFilter.doFilter(OncePerRequestFilter.java:107)
	at org.apache.catalina.core.ApplicationFilterChain.internalDoFilter(ApplicationFilterChain.java:193)
	at org.apache.catalina.core.ApplicationFilterChain.doFilter(ApplicationFilterChain.java:166)
	at org.apache.catalina.core.StandardWrapperValve.invoke(StandardWrapperValve.java:198)
	at org.apache.catalina.core.StandardContextValve.invoke(StandardContextValve.java:96)
	at org.apache.catalina.authenticator.AuthenticatorBase.invoke(AuthenticatorBase.java:496)
	at org.apache.catalina.core.StandardHostValve.invoke(StandardHostValve.java:140)
	at org.apache.catalina.valves.ErrorReportValve.invoke(ErrorReportValve.java:81)
	at org.apache.catalina.core.StandardEngineValve.invoke(StandardEngineValve.java:87)
	at org.apache.catalina.connector.CoyoteAdapter.service(CoyoteAdapter.java:342)
	at org.apache.coyote.http11.Http11Processor.service(Http11Processor.java:803)
	at org.apache.coyote.AbstractProcessorLight.process(AbstractProcessorLight.java:66)
	at org.apache.coyote.AbstractProtocol$ConnectionHandler.process(AbstractProtocol.java:790)
	at org.apache.tomcat.util.net.NioEndpoint$SocketProcessor.doRun(NioEndpoint.java:1468)
	at org.apache.tomcat.util.net.SocketProcessorBase.run(SocketProcessorBase.java:49)
	at java.util.concurrent.ThreadPoolExecutor.runWorker(ThreadPoolExecutor.java:1149)
	at java.util.concurrent.ThreadPoolExecutor$Worker.run(ThreadPoolExecutor.java:624)
	at org.apache.tomcat.util.threads.TaskThread$WrappingRunnable.run(TaskThread.java:61)
	at java.lang.Thread.run(Thread.java:748)
2018-11-19 11:41:26 -==>  Preparing: insert into sys_log ( `user_id`, `username`, `operation`, `time`, `method`, `params`, `ip`, `gmt_create` ) values ( ?, ?, ?, ?, ?, ?, ?, ? ) 
2018-11-19 11:41:26 -==> Parameters: null, null, error(String), null, http://localhost/blog/open/list(String), java.lang.NullPointerException(String), null, 2018-11-19 11:41:26.0(Timestamp)
2018-11-19 11:41:26 -<==    Updates: 1
2018-11-19 11:41:51 -WebSocketSession[0 current WS(0)-HttpStream(0)-HttpPoll(0), 1 total, 0 closed abnormally (0 connect failure, 0 send limit, 0 transport error)], stompSubProtocol[processed CONNECT(1)-CONNECTED(1)-DISCONNECT(0)], stompBrokerRelay[null], inboundChannel[pool size = 8, active threads = 0, queued tasks = 0, completed tasks = 12], outboundChannelpool size = 2, active threads = 0, queued tasks = 0, completed tasks = 2], sockJsScheduler[pool size = 4, active threads = 1, queued tasks = 1, completed tasks = 9]
